This is pdfTeX, Version 3.14159265-2.6-1.40.15 (TeX Live 2015/dev/Debian) (preloaded format=pdflatex 2015.5.6)  26 MAY 2015 02:02
entering extended mode
 restricted \write18 enabled.
 %&-line parsing enabled.
**informe.tex
(./informe.tex
LaTeX2e <2014/05/01>
Babel <3.9l> and hyphenation patterns for 4 languages loaded.
(/usr/share/texlive/texmf-dist/tex/latex/base/article.cls
Document Class: article 2014/09/29 v1.4h Standard LaTeX document class
(/usr/share/texlive/texmf-dist/tex/latex/base/size10.clo
File: size10.clo 2014/09/29 v1.4h Standard LaTeX file (size option)
)
\c@part=\count79
\c@section=\count80
\c@subsection=\count81
\c@subsubsection=\count82
\c@paragraph=\count83
\c@subparagraph=\count84
\c@figure=\count85
\c@table=\count86
\abovecaptionskip=\skip41
\belowcaptionskip=\skip42
\bibindent=\dimen102
)
(/usr/share/texlive/texmf-dist/tex/latex/geometry/geometry.sty
Package: geometry 2010/09/12 v5.6 Page Geometry

(/usr/share/texlive/texmf-dist/tex/latex/graphics/keyval.sty
Package: keyval 2014/05/08 v1.15 key=value parser (DPC)
\KV@toks@=\toks14
)
(/usr/share/texlive/texmf-dist/tex/generic/oberdiek/ifpdf.sty
Package: ifpdf 2011/01/30 v2.3 Provides the ifpdf switch (HO)
Package ifpdf Info: pdfTeX in PDF mode is detected.
)
(/usr/share/texlive/texmf-dist/tex/generic/oberdiek/ifvtex.sty
Package: ifvtex 2010/03/01 v1.5 Detect VTeX and its facilities (HO)
Package ifvtex Info: VTeX not detected.
)
(/usr/share/texlive/texmf-dist/tex/generic/ifxetex/ifxetex.sty
Package: ifxetex 2010/09/12 v0.6 Provides ifxetex conditional
)
\Gm@cnth=\count87
\Gm@cntv=\count88
\c@Gm@tempcnt=\count89
\Gm@bindingoffset=\dimen103
\Gm@wd@mp=\dimen104
\Gm@odd@mp=\dimen105
\Gm@even@mp=\dimen106
\Gm@layoutwidth=\dimen107
\Gm@layoutheight=\dimen108
\Gm@layouthoffset=\dimen109
\Gm@layoutvoffset=\dimen110
\Gm@dimlist=\toks15
)
(/usr/share/texlive/texmf-dist/tex/latex/base/inputenc.sty
Package: inputenc 2014/04/30 v1.2b Input encoding file
\inpenc@prehook=\toks16
\inpenc@posthook=\toks17

(/usr/share/texlive/texmf-dist/tex/latex/base/latin1.def
File: latin1.def 2014/04/30 v1.2b Input encoding file
))
(/usr/share/texlive/texmf-dist/tex/latex/base/fontenc.sty
Package: fontenc 2005/09/27 v1.99g Standard LaTeX package

(/usr/share/texlive/texmf-dist/tex/latex/base/t1enc.def
File: t1enc.def 2005/09/27 v1.99g Standard LaTeX file
LaTeX Font Info:    Redeclaring font encoding T1 on input line 43.
))
(/usr/share/texlive/texmf-dist/tex/generic/babel/babel.sty
Package: babel 2014/09/25 3.9l The Babel package


! Package babel Error: Unknown option `spanish'. Either you misspelled it
(babel)                or the language definition file spanish.ldf was not foun
d.

See the babel package documentation for explanation.
Type  H <return>  for immediate help.
 ...                                              
                                                  
l.299 \ProcessOptions*
                      
Valid options are: shorthands=, KeepShorthandsActive,
activeacute, activegrave, noconfigs, safe=, main=, math=
headfoot=, strings=, config=, hyphenmap=, or a language name.


! Package babel Error: You haven't specified a language option.

See the babel package documentation for explanation.
Type  H <return>  for immediate help.
 ...                                              
                                                  
l.332 ...ry to proceed from here, type x to quit.}
                                                  
You need to specify a language, either as a global option
or as an optional argument to the \usepackage command;
You shouldn't try to proceed from here, type x to quit.

) (/usr/share/texlive/texmf-dist/tex/latex/tools/indentfirst.sty
Package: indentfirst 1995/11/23 v1.03 Indent first paragraph (DPC)
)
(/usr/share/texlive/texmf-dist/tex/latex/fancyhdr/fancyhdr.sty
\fancy@headwidth=\skip43
\f@ncyO@elh=\skip44
\f@ncyO@erh=\skip45
\f@ncyO@olh=\skip46
\f@ncyO@orh=\skip47
\f@ncyO@elf=\skip48
\f@ncyO@erf=\skip49
\f@ncyO@olf=\skip50
\f@ncyO@orf=\skip51
)
(/usr/share/texlive/texmf-dist/tex/latex/base/latexsym.sty
Package: latexsym 1998/08/17 v2.2e Standard LaTeX package (lasy symbols)
\symlasy=\mathgroup4
LaTeX Font Info:    Overwriting symbol font `lasy' in version `bold'
(Font)                  U/lasy/m/n --> U/lasy/b/n on input line 47.
)
(/usr/share/texlive/texmf-dist/tex/latex/lastpage/lastpage.sty
Package: lastpage 2013/01/28 v1.2l Refers to last page's name (HMM; JPG)
)
(/usr/share/texlive/texmf-dist/tex/latex/tools/xspace.sty
Package: xspace 2014/10/28 v1.13 Space after command names (DPC,MH)
)
(/usr/share/texlive/texmf-dist/tex/latex/xargs/xargs.sty
Package: xargs 2008/03/22 v1.1  extended macro definitions  (mpg)

(/usr/share/texlive/texmf-dist/tex/latex/xkeyval/xkeyval.sty
Package: xkeyval 2014/05/25 v2.7 package option processing (HA)

(/usr/share/texlive/texmf-dist/tex/generic/xkeyval/xkeyval.tex
(/usr/share/texlive/texmf-dist/tex/generic/xkeyval/xkvutils.tex
\XKV@toks=\toks18
\XKV@tempa@toks=\toks19
)
\XKV@depth=\count90
File: xkeyval.tex 2014/05/25 v2.7 key=value parser (HA)
))
\xargs@max=\count91
\xargs@toksa=\toks20
\xargs@toksb=\toks21
)
(/usr/share/texlive/texmf-dist/tex/latex/base/ifthen.sty
Package: ifthen 2014/09/29 v1.1c Standard LaTeX ifthen package (DPC)
)
(./Paquetes-Latex/texmf/tex/latex/aed2-tad/aed2-tad.sty

LaTeX Warning: You have requested package `Paquetes-Latex/texmf/tex/latex/aed2-
tad/aed2-tad',
               but the package provides `aed2-tad'.

Package: aed2-tad 2011/04/04 - Para especificar TADs en formato AED2
(/usr/share/texlive/texmf-dist/tex/latex/tools/calc.sty
Package: calc 2014/10/28 v4.3 Infix arithmetic (KKT,FJ)
\calc@Acount=\count92
\calc@Bcount=\count93
\calc@Adimen=\dimen111
\calc@Bdimen=\dimen112
\calc@Askip=\skip52
\calc@Bskip=\skip53
LaTeX Info: Redefining \setlength on input line 75.
LaTeX Info: Redefining \addtolength on input line 76.
\calc@Ccount=\count94
\calc@Cskip=\skip54
)
Package aed2-tad Info: Cargando package 'tad' (04/04/2011) on input line 26.
\tadMargen=\skip55
\tadSubMargen=\skip56
\tadAnchoEncabezados=\skip57
\tadSeparacionTitulos=\skip58
\tadSeparacionFunciones=\skip59
\tadAnchoNombreFunciones=\skip60
\tadAnchoTipoFunciones=\skip61
\tadSeparacionAxiomas=\skip62
\tadAnchoIzquierdaAxioma=\skip63
\tad@oldparindent=\skip64
\pbox@len=\skip65
\tad@ifFitsElse@largo=\skip66
\igualobs@pre=\skip67
\igualobs@max=\skip68
\igualobssimple@max=\skip69
\@Signatura=\box26
\tadOperacion@textwidth=\skip70
\tadAxioma@lenEquiv=\skip71
\tadAxioma@lenDerecha=\skip72
)
(./Paquetes-Latex/texmf/tex/latex/aed2-symb/aed2-symb.sty

LaTeX Warning: You have requested package `Paquetes-Latex/texmf/tex/latex/aed2-
symb/aed2-symb',
               but the package provides `aed2-symb'.

Package: aed2-symb 2004/04/17 - Para componer simbolitos frecuentemente usados 
en AED2
Cargando package 'aed2-symb'
(/usr/share/texlive/texmf-dist/tex/latex/amsmath/amsmath.sty
Package: amsmath 2013/01/14 v2.14 AMS math features
\@mathmargin=\skip73

For additional information on amsmath, use the `?' option.
(/usr/share/texlive/texmf-dist/tex/latex/amsmath/amstext.sty
Package: amstext 2000/06/29 v2.01

(/usr/share/texlive/texmf-dist/tex/latex/amsmath/amsgen.sty
File: amsgen.sty 1999/11/30 v2.0
\@emptytoks=\toks22
\ex@=\dimen113
))
(/usr/share/texlive/texmf-dist/tex/latex/amsmath/amsbsy.sty
Package: amsbsy 1999/11/29 v1.2d
\pmbraise@=\dimen114
)
(/usr/share/texlive/texmf-dist/tex/latex/amsmath/amsopn.sty
Package: amsopn 1999/12/14 v2.01 operator names
)
\inf@bad=\count95
LaTeX Info: Redefining \frac on input line 210.
\uproot@=\count96
\leftroot@=\count97
LaTeX Info: Redefining \overline on input line 306.
\classnum@=\count98
\DOTSCASE@=\count99
LaTeX Info: Redefining \ldots on input line 378.
LaTeX Info: Redefining \dots on input line 381.
LaTeX Info: Redefining \cdots on input line 466.
\Mathstrutbox@=\box27
\strutbox@=\box28
\big@size=\dimen115
LaTeX Font Info:    Redeclaring font encoding OML on input line 566.
LaTeX Font Info:    Redeclaring font encoding OMS on input line 567.
\macc@depth=\count100
\c@MaxMatrixCols=\count101
\dotsspace@=\muskip10
\c@parentequation=\count102
\dspbrk@lvl=\count103
\tag@help=\toks23
\row@=\count104
\column@=\count105
\maxfields@=\count106
\andhelp@=\toks24
\eqnshift@=\dimen116
\alignsep@=\dimen117
\tagshift@=\dimen118
\tagwidth@=\dimen119
\totwidth@=\dimen120
\lineht@=\dimen121
\@envbody=\toks25
\multlinegap=\skip74
\multlinetaggap=\skip75
\mathdisplay@stack=\toks26
LaTeX Info: Redefining \[ on input line 2665.
LaTeX Info: Redefining \] on input line 2666.
)
(/usr/share/texlive/texmf-dist/tex/latex/amsfonts/amssymb.sty
Package: amssymb 2013/01/14 v3.01 AMS font symbols

(/usr/share/texlive/texmf-dist/tex/latex/amsfonts/amsfonts.sty
Package: amsfonts 2013/01/14 v3.01 Basic AMSFonts support
\symAMSa=\mathgroup5
\symAMSb=\mathgroup6
LaTeX Font Info:    Overwriting math alphabet `\mathfrak' in version `bold'
(Font)                  U/euf/m/n --> U/euf/b/n on input line 106.
)))
(./Paquetes-Latex/texmf/tex/latex/aed2-itef/aed2-itef.sty

LaTeX Warning: You have requested package `Paquetes-Latex/texmf/tex/latex/aed2-
itef/aed2-itef',
               but the package provides `aed2-itef'.

Package: aed2-itef 2010/03/16 - if-then-else-fi en lenguaje de TADs.
Cargando package 'itef' (2010/03/16)
\itefIndentacion=\skip76
\itef@widthUnaLinea=\skip77
\itef@linewidth=\skip78
) (./Paquetes-Latex/texmf/tex/latex/aed2-tokenizer/aed2-tokenizer.sty

LaTeX Warning: You have requested package `Paquetes-Latex/texmf/tex/latex/aed2-
tokenizer/aed2-tokenizer',
               but the package provides `aed2-tokenizer'.

Package: aed2-tokenizer 2010/03/12
) (./Paquetes-Latex/texmf/tex/latex/caratula/caratula.sty

LaTeX Warning: You have requested package `Paquetes-Latex/texmf/tex/latex/carat
ula/caratula',
               but the package provides `caratula'.

Package: caratula 2003/4/13 v0.1 Para componer caratulas de TPs del DC
Cargando package 'caratula' v0.2 (21/4/2003)
\intlist=\toks27
) (/usr/share/texlive/texmf-dist/tex/latex/hyperref/hyperref.sty
Package: hyperref 2012/11/06 v6.83m Hypertext links for LaTeX

(/usr/share/texlive/texmf-dist/tex/generic/oberdiek/hobsub-hyperref.sty
Package: hobsub-hyperref 2012/05/28 v1.13 Bundle oberdiek, subset hyperref (HO)


(/usr/share/texlive/texmf-dist/tex/generic/oberdiek/hobsub-generic.sty
Package: hobsub-generic 2012/05/28 v1.13 Bundle oberdiek, subset generic (HO)
Package: hobsub 2012/05/28 v1.13 Construct package bundles (HO)
Package: infwarerr 2010/04/08 v1.3 Providing info/warning/error messages (HO)
Package: ltxcmds 2011/11/09 v1.22 LaTeX kernel commands for general use (HO)
Package: ifluatex 2010/03/01 v1.3 Provides the ifluatex switch (HO)
Package ifluatex Info: LuaTeX not detected.
Package hobsub Info: Skipping package `ifvtex' (already loaded).
Package: intcalc 2007/09/27 v1.1 Expandable calculations with integers (HO)
Package hobsub Info: Skipping package `ifpdf' (already loaded).
Package: etexcmds 2011/02/16 v1.5 Avoid name clashes with e-TeX commands (HO)
Package etexcmds Info: Could not find \expanded.
(etexcmds)             That can mean that you are not using pdfTeX 1.50 or
(etexcmds)             that some package has redefined \expanded.
(etexcmds)             In the latter case, load this package earlier.
Package: kvsetkeys 2012/04/25 v1.16 Key value parser (HO)
Package: kvdefinekeys 2011/04/07 v1.3 Define keys (HO)
Package: pdftexcmds 2011/11/29 v0.20 Utility functions of pdfTeX for LuaTeX (HO
)
Package pdftexcmds Info: LuaTeX not detected.
Package pdftexcmds Info: \pdf@primitive is available.
Package pdftexcmds Info: \pdf@ifprimitive is available.
Package pdftexcmds Info: \pdfdraftmode found.
Package: pdfescape 2011/11/25 v1.13 Implements pdfTeX's escape features (HO)
Package: bigintcalc 2012/04/08 v1.3 Expandable calculations on big integers (HO
)
Package: bitset 2011/01/30 v1.1 Handle bit-vector datatype (HO)
Package: uniquecounter 2011/01/30 v1.2 Provide unlimited unique counter (HO)
)
Package hobsub Info: Skipping package `hobsub' (already loaded).
Package: letltxmacro 2010/09/02 v1.4 Let assignment for LaTeX macros (HO)
Package: hopatch 2012/05/28 v1.2 Wrapper for package hooks (HO)
Package: xcolor-patch 2011/01/30 xcolor patch
Package: atveryend 2011/06/30 v1.8 Hooks at the very end of document (HO)
Package atveryend Info: \enddocument detected (standard20110627).
Package: atbegshi 2011/10/05 v1.16 At begin shipout hook (HO)
Package: refcount 2011/10/16 v3.4 Data extraction from label references (HO)
Package: hycolor 2011/01/30 v1.7 Color options for hyperref/bookmark (HO)
)
(/usr/share/texlive/texmf-dist/tex/latex/oberdiek/auxhook.sty
Package: auxhook 2011/03/04 v1.3 Hooks for auxiliary files (HO)
)
(/usr/share/texlive/texmf-dist/tex/latex/oberdiek/kvoptions.sty
Package: kvoptions 2011/06/30 v3.11 Key value format for package options (HO)
)
\@linkdim=\dimen122
\Hy@linkcounter=\count107
\Hy@pagecounter=\count108

(/usr/share/texlive/texmf-dist/tex/latex/hyperref/pd1enc.def
File: pd1enc.def 2012/11/06 v6.83m Hyperref: PDFDocEncoding definition (HO)
)
\Hy@SavedSpaceFactor=\count109

(/usr/share/texlive/texmf-dist/tex/latex/latexconfig/hyperref.cfg
File: hyperref.cfg 2002/06/06 v1.2 hyperref configuration of TeXLive
)
Package hyperref Info: Option `colorlinks' set `true' on input line 4319.
Package hyperref Info: Hyper figures OFF on input line 4443.
Package hyperref Info: Link nesting OFF on input line 4448.
Package hyperref Info: Hyper index ON on input line 4451.
Package hyperref Info: Plain pages OFF on input line 4458.
Package hyperref Info: Backreferencing OFF on input line 4463.
Package hyperref Info: Implicit mode ON; LaTeX internals redefined.
Package hyperref Info: Bookmarks ON on input line 4688.
\c@Hy@tempcnt=\count110

(/usr/share/texlive/texmf-dist/tex/latex/url/url.sty
\Urlmuskip=\muskip11
Package: url 2013/09/16  ver 3.4  Verb mode for urls, etc.
)
LaTeX Info: Redefining \url on input line 5041.
\XeTeXLinkMargin=\dimen123
\Fld@menulength=\count111
\Field@Width=\dimen124
\Fld@charsize=\dimen125
Package hyperref Info: Hyper figures OFF on input line 6295.
Package hyperref Info: Link nesting OFF on input line 6300.
Package hyperref Info: Hyper index ON on input line 6303.
Package hyperref Info: backreferencing OFF on input line 6310.
Package hyperref Info: Link coloring ON on input line 6313.
Package hyperref Info: Link coloring with OCG OFF on input line 6320.
Package hyperref Info: PDF/A mode OFF on input line 6325.
LaTeX Info: Redefining \ref on input line 6365.
LaTeX Info: Redefining \pageref on input line 6369.
\Hy@abspage=\count112
\c@Item=\count113
\c@Hfootnote=\count114
)

Package hyperref Message: Driver (autodetected): hpdftex.

(/usr/share/texlive/texmf-dist/tex/latex/hyperref/hpdftex.def
File: hpdftex.def 2012/11/06 v6.83m Hyperref driver for pdfTeX
\Fld@listcount=\count115
\c@bookmark@seq@number=\count116

(/usr/share/texlive/texmf-dist/tex/latex/oberdiek/rerunfilecheck.sty
Package: rerunfilecheck 2011/04/15 v1.7 Rerun checks for auxiliary files (HO)
Package uniquecounter Info: New unique counter `rerunfilecheck' on input line 2
82.
)
\Hy@SectionHShift=\skip79
)
(/usr/share/texlive/texmf-dist/tex/latex/vmargin/vmargin.sty
Package: vmargin 2004/07/15 V2.5 set document margins (VK)

Package: vmargin 2004/07/15 V2.5 set document margins (VK)
\PaperWidth=\dimen126
\PaperHeight=\dimen127
) (/usr/share/texlive/texmf-dist/tex/latex/algorithms/algorithm.sty
Package: algorithm 2009/08/24 v0.1 Document Style `algorithm' - floating enviro
nment

(/usr/share/texlive/texmf-dist/tex/latex/float/float.sty
Package: float 2001/11/08 v1.3d Float enhancements (AL)
\c@float@type=\count117
\float@exts=\toks28
\float@box=\box29
\@float@everytoks=\toks29
\@floatcapt=\box30
)
\@float@every@algorithm=\toks30
\c@algorithm=\count118
)
(/usr/share/texlive/texmf-dist/tex/latex/algorithmicx/algpseudocode.sty
Package: algpseudocode 

(/usr/share/texlive/texmf-dist/tex/latex/algorithmicx/algorithmicx.sty
Package: algorithmicx 2005/04/27 v1.2 Algorithmicx

Document Style algorithmicx 1.2 - a greatly improved `algorithmic' style
\c@ALG@line=\count119
\c@ALG@rem=\count120
\c@ALG@nested=\count121
\ALG@tlm=\skip80
\ALG@thistlm=\skip81
\c@ALG@Lnr=\count122
\c@ALG@blocknr=\count123
\c@ALG@storecount=\count124
\c@ALG@tmpcounter=\count125
\ALG@tmplength=\skip82
)
Document Style - pseudocode environments for use with the `algorithmicx' style
) (/usr/share/texlive/texmf-dist/tex/latex/placeins/placeins.sty
Package: placeins 2005/04/18  v 2.2
)
\IntFuncionLengthA=\skip83
\IntFuncionLengthB=\skip84
\IntFuncionLengthC=\skip85
\lenTupla=\skip86

(./informe.aux)
\openout1 = `informe.aux'.

LaTeX Font Info:    Checking defaults for OML/cmm/m/it on input line 192.
LaTeX Font Info:    ... okay on input line 192.
LaTeX Font Info:    Checking defaults for T1/cmr/m/n on input line 192.
LaTeX Font Info:    ... okay on input line 192.
LaTeX Font Info:    Checking defaults for OT1/cmr/m/n on input line 192.
LaTeX Font Info:    ... okay on input line 192.
LaTeX Font Info:    Checking defaults for OMS/cmsy/m/n on input line 192.
LaTeX Font Info:    ... okay on input line 192.
LaTeX Font Info:    Checking defaults for OMX/cmex/m/n on input line 192.
LaTeX Font Info:    ... okay on input line 192.
LaTeX Font Info:    Checking defaults for U/cmr/m/n on input line 192.
LaTeX Font Info:    ... okay on input line 192.
LaTeX Font Info:    Checking defaults for PD1/pdf/m/n on input line 192.
LaTeX Font Info:    ... okay on input line 192.

*geometry* driver: auto-detecting
*geometry* detected driver: pdftex
*geometry* verbose mode - [ preamble ] result:
* driver: pdftex
* paper: a4paper
* layout: <same size as paper>
* layoutoffset:(h,v)=(0.0pt,0.0pt)
* modes: 
* h-part:(L,W,R)=(42.67912pt, 512.14963pt, 42.67912pt)
* v-part:(T,H,B)=(99.58464pt, 702.78308pt, 42.67912pt)
* \paperwidth=598.14806pt
* \paperheight=845.90042pt
* \textwidth=469.47046pt
* \textheight=666.36348pt
* \oddsidemargin=71.13188pt
* \evensidemargin=57.54572pt
* \topmargin=42.67912pt
* \headheight=11.0pt
* \headsep=28.45274pt
* \topskip=10.0pt
* \footskip=56.9055pt
* \marginparwidth=57.0pt
* \marginparsep=11.0pt
* \columnsep=10.0pt
* \skip\footins=9.0pt plus 4.0pt minus 2.0pt
* \hoffset=-72.26999pt
* \voffset=-72.26999pt
* \mag=1000
* \@twocolumnfalse
* \@twosidefalse
* \@mparswitchfalse
* \@reversemarginfalse
* (1in=72.27pt=25.4mm, 1cm=28.453pt)

Package lastpage Info: Please have a look at the pageslts package at
(lastpage)             http://www.ctan.org/tex-archive/ 
(lastpage)             macros/latex/contrib/pageslts/ 
(lastpage)             or
(lastpage)             http://www.ctan.org/tex-archive/ 
(lastpage)             install/macros/latex/contrib/pageslts.tds.zip
(lastpage)             ! on input line 192.
\AtBeginShipoutBox=\box31
(/usr/share/texlive/texmf-dist/tex/latex/graphics/color.sty
Package: color 2014/04/23 v1.1a Standard LaTeX Color (DPC)

(/usr/share/texlive/texmf-dist/tex/latex/latexconfig/color.cfg
File: color.cfg 2007/01/18 v1.5 color configuration of teTeX/TeXLive
)
Package color Info: Driver file: pdftex.def on input line 137.

(/usr/share/texlive/texmf-dist/tex/latex/pdftex-def/pdftex.def
File: pdftex.def 2011/05/27 v0.06d Graphics/color for pdfTeX
\Gread@gobject=\count126

(/usr/share/texlive/texmf-dist/tex/context/base/supp-pdf.mkii
[Loading MPS to PDF converter (version 2006.09.02).]
\scratchcounter=\count127
\scratchdimen=\dimen128
\scratchbox=\box32
\nofMPsegments=\count128
\nofMParguments=\count129
\everyMPshowfont=\toks31
\MPscratchCnt=\count130
\MPscratchDim=\dimen129
\MPnumerator=\count131
\makeMPintoPDFobject=\count132
\everyMPtoPDFconversion=\toks32
)))
Package hyperref Info: Link coloring ON on input line 192.
 (/usr/share/texlive/texmf-dist/tex/latex/hyperref/nameref.sty
Package: nameref 2012/10/27 v2.43 Cross-referencing by name of section

(/usr/share/texlive/texmf-dist/tex/generic/oberdiek/gettitlestring.sty
Package: gettitlestring 2010/12/03 v1.4 Cleanup title references (HO)
)
\c@section@level=\count133
)
LaTeX Info: Redefining \ref on input line 192.
LaTeX Info: Redefining \pageref on input line 192.
LaTeX Info: Redefining \nameref on input line 192.

(./informe.out) (./informe.out)
\@outlinefile=\write3
\openout3 = `informe.out'.

LaTeX Font Info:    Try loading font information for U+lasy on input line 205.

(/usr/share/texlive/texmf-dist/tex/latex/base/ulasy.fd
File: ulasy.fd 1998/08/17 v2.2e LaTeX symbol font definitions
)
LaTeX Font Info:    Try loading font information for U+msa on input line 205.

(/usr/share/texlive/texmf-dist/tex/latex/amsfonts/umsa.fd
File: umsa.fd 2013/01/14 v3.01 AMS symbols A
)
LaTeX Font Info:    Try loading font information for U+msb on input line 205.

(/usr/share/texlive/texmf-dist/tex/latex/amsfonts/umsb.fd
File: umsb.fd 2013/01/14 v3.01 AMS symbols B
)
LaTeX Font Info:    Try loading font information for T1+cmtt on input line 205.


(/usr/share/texlive/texmf-dist/tex/latex/base/t1cmtt.fd
File: t1cmtt.fd 2014/09/29 v2.5h Standard LaTeX font definitions
) [1

{/var/lib/texmf/fonts/map/pdftex/updmap/pdftex.map}] (./informe.toc)
\tf@toc=\write4
\openout4 = `informe.toc'.



Package Fancyhdr Warning: \headheight is too small (11.0pt): 
 Make it at least 12.0pt.
 We now make it that large for the rest of the document.
 This may cause the page layout to be inconsistent, however.

[2] (./Red.tex
Underfull \hbox (badness 10000) in paragraph at lines 52--52
\OMS/cmsy/m/n/10 :$\T1/cmr/m/n/10 conectadas?($\OML/cmm/m/it/10 r$\T1/cmr/m/n/1
0 , dameCompu($\OML/cmm/m/it/10 c[]$\T1/cmr/m/n/10 ), dameCompu($\OML/cmm/m/it/
10 c[]$\T1/cmr/m/n/10 )) $\OMS/cmsy/m/n/10 ^$ $:$\T1/cmr/m/n/10 usaInterfaz?($\
OML/cmm/m/it/10 r$\T1/cmr/m/n/10 , dameCompu($\OML/cmm/m/it/10 c[]$\T1/cmr/m/n/
10 ),
 []


Underfull \hbox (badness 10000) in paragraph at lines 52--52
\OML/cmm/m/it/10 i[]$\T1/cmr/m/n/10 ) $\OMS/cmsy/m/n/10 ^$ $:$\T1/cmr/m/n/10 us
aInterfaz?($\OML/cmm/m/it/10 r$\T1/cmr/m/n/10 , dameCompu($\OML/cmm/m/it/10 c[]
$\T1/cmr/m/n/10 ), $\OML/cmm/m/it/10 i[]$\T1/cmr/m/n/10 ) $\OMS/cmsy/m/n/10 ^$ 
$\OML/cmm/m/it/10 i[]$ $\OMS/cmsy/m/n/10 2$ \T1/cmr/m/n/10 dameCompu($\OML/cmm/
m/it/10 c[]$\T1/cmr/m/n/10 ).interfaces $\OMS/cmsy/m/n/10 ^$ $\OML/cmm/m/it/10 
i[]$ $\OMS/cmsy/m/n/10 2$
 []


Package Fancyhdr Warning: \headheight is too small (11.0pt): 
 Make it at least 12.0pt.
 We now make it that large for the rest of the document.
 This may cause the page layout to be inconsistent, however.

[3]

Package Fancyhdr Warning: \headheight is too small (11.0pt): 
 Make it at least 12.0pt.
 We now make it that large for the rest of the document.
 This may cause the page layout to be inconsistent, however.

[4]
Underfull \hbox (badness 10000) in paragraph at lines 139--139
[]\T1/cmr/m/n/10 Ag( dameSecuDeHostnames(dameUno($\OML/cmm/m/it/10 cs$\T1/cmr/m
/n/10 )),
 []


Underfull \hbox (badness 10000) in paragraph at lines 153--155

 []


Overfull \hbox (14.99998pt too wide) in paragraph at lines 188--188
[]\T1/cmr/m/n/10 Rep($\OML/cmm/m/it/10 e$\T1/cmr/m/n/10 )| $\OMS/cmsy/m/n/10 ^^
Q$| [] 
 []


Package Fancyhdr Warning: \headheight is too small (11.0pt): 
 Make it at least 12.0pt.
 We now make it that large for the rest of the document.
 This may cause the page layout to be inconsistent, however.

[5]
Overfull \hbox (12.1118pt too wide) in paragraph at lines 197--197
[]$\OML/cmm/m/it/10 esCaminoValido$ \T1/cmr/m/n/10 ($\OML/cmm/m/it/10 orig$\T1/
cmr/m/n/10 , $\OML/cmm/m/it/10 dest$\T1/cmr/m/n/10 , $\OML/cmm/m/it/10 secu$\T1
/cmr/m/n/10 )| $\OMS/cmsy/m/n/10 ^^Q$| [] 
 []


Package Fancyhdr Warning: \headheight is too small (11.0pt): 
 Make it at least 12.0pt.
 We now make it that large for the rest of the document.
 This may cause the page layout to be inconsistent, however.

[6]
Overfull \hbox (14.99998pt too wide) in paragraph at lines 222--222
[]\T1/cmr/m/n/10 Abs($\OML/cmm/m/it/10 e$\T1/cmr/m/n/10 )| $\OMS/cmsy/m/n/10 ^^
Q$| [] 
 []


Overfull \hbox (27.12207pt too wide) in paragraph at lines 230--230
[][] 
 []


Overfull \hbox (27.12207pt too wide) in paragraph at lines 231--231
[][] 
 []


Overfull \hbox (14.99998pt too wide) in paragraph at lines 237--237
[]\T1/cmr/m/n/10 dameComputadoras($\OML/cmm/m/it/10 e$\T1/cmr/m/n/10 )| $\OMS/c
msy/m/n/10 ^^Q$| [] 
 []


Underfull \hbox (badness 10000) in paragraph at lines 242--242
[]\T1/cmr/m/n/10 Ag( <dameUno($\OML/cmm/m/it/10 cc$\T1/cmr/m/n/10 ), obtener($\
OML/cmm/m/it/10 e$\T1/cmr/m/n/10 , dameUno($\OML/cmm/m/it/10 cc$\T1/cmr/m/n/10 
)).interfaces>,
 []


Overfull \hbox (14.11131pt too wide) in paragraph at lines 242--242
[]\T1/cmr/m/n/10 auxDameComputadoras($\OML/cmm/m/it/10 e$\T1/cmr/m/n/10 , $\OML
/cmm/m/it/10 cc$\T1/cmr/m/n/10 )| $\OMS/cmsy/m/n/10 ^^Q$| [] 
 []


Overfull \hbox (14.11131pt too wide) in paragraph at lines 244--244
[]\T1/cmr/m/n/10 buscarClave($\OML/cmm/m/it/10 d$\T1/cmr/m/n/10 , $\OML/cmm/m/i
t/10 h$\T1/cmr/m/n/10 )| $\OMS/cmsy/m/n/10 ^^Q$| [] 
 []


Overfull \hbox (13.22264pt too wide) in paragraph at lines 249--249
[]\T1/cmr/m/n/10 auxBuscarClave($\OML/cmm/m/it/10 d$\T1/cmr/m/n/10 , $\OML/cmm/
m/it/10 h$\T1/cmr/m/n/10 , $\OML/cmm/m/it/10 ci$\T1/cmr/m/n/10 )| $\OMS/cmsy/m/
n/10 ^^Q$| [] 
 []


Package Fancyhdr Warning: \headheight is too small (11.0pt): 
 Make it at least 12.0pt.
 We now make it that large for the rest of the document.
 This may cause the page layout to be inconsistent, however.

[7]
Package hyperref Info: bookmark level for unknown algorithm defaults to 0 on in
put line 257.

Underfull \hbox (badness 4621) in paragraph at lines 355--356
[]\T1/cmr/bx/n/10 func-tion \T1/cmr/m/sc/10 iCaminos-Min-i-mos\T1/cmr/m/n/10 (i
n r: estr_red, in c1: host-name, in c2: hostname)$\OMS/cmsy/m/n/10 !$ \T1/cmr/m
/n/10 res:
 []


LaTeX Warning: Float too large for page by 216.07861pt on input line 451.


Underfull \hbox (badness 10000) in paragraph at lines 480--482
[] \T1/cmr/m/n/10 Definir(res, Sigu-ien-te-Clave(itRed), Tu-pla(Copiar(Siguient
eSignificado(itRed).interfaces),
 []


Package Fancyhdr Warning: \headheight is too small (11.0pt): 
 Make it at least 12.0pt.
 We now make it that large for the rest of the document.
 This may cause the page layout to be inconsistent, however.

[8]

Package Fancyhdr Warning: \headheight is too small (11.0pt): 
 Make it at least 12.0pt.
 We now make it that large for the rest of the document.
 This may cause the page layout to be inconsistent, however.

[9]

Package Fancyhdr Warning: \headheight is too small (11.0pt): 
 Make it at least 12.0pt.
 We now make it that large for the rest of the document.
 This may cause the page layout to be inconsistent, however.

[10]

Package Fancyhdr Warning: \headheight is too small (11.0pt): 
 Make it at least 12.0pt.
 We now make it that large for the rest of the document.
 This may cause the page layout to be inconsistent, however.

[11]) (./DCNet.tex
Underfull \hbox (badness 1769) in paragraph at lines 3--4
[]\T1/cmr/bx/n/10 usa\T1/cmr/m/n/10 : \T1/cmr/m/sc/10 red, conj($\OML/cmm/m/it/
10 $\T1/cmr/m/sc/10 ), itConj($\OML/cmm/m/it/10 $\T1/cmr/m/sc/10 ), lista($\O
ML/cmm/m/it/10 $\T1/cmr/m/sc/10 ), itLista($\OML/cmm/m/it/10 $\T1/cmr/m/sc/10
 ), dicc$[]$($\OML/cmm/m/it/10 ^^T$\T1/cmr/m/sc/10 , $\OML/cmm/m/it/10 ^^[$\T1/
cmr/m/sc/10 ), dicc$[]$($\OML/cmm/m/it/10 ^^T$\T1/cmr/m/sc/10 , $\OML/cmm/m/it/
10 ^^[$\T1/cmr/m/sc/10 ),
 []


Package Fancyhdr Warning: \headheight is too small (11.0pt): 
 Make it at least 12.0pt.
 We now make it that large for the rest of the document.
 This may cause the page layout to be inconsistent, however.

[12]

Package Fancyhdr Warning: \headheight is too small (11.0pt): 
 Make it at least 12.0pt.
 We now make it that large for the rest of the document.
 This may cause the page layout to be inconsistent, however.

[13]
Underfull \hbox (badness 10000) in paragraph at lines 154--159
\T1/cmr/m/it/10 caminos\T1/cmr/m/n/10 : \T1/cmtt/m/n/10 arreglo_dimensionable d
e arreglo_dimensionable de
 []


Overfull \hbox (14.99998pt too wide) in paragraph at lines 171--171
[]\T1/cmr/m/n/10 Rep($\OML/cmm/m/it/10 e$\T1/cmr/m/n/10 )| $\OMS/cmsy/m/n/10 ^^
Q$| [] 
 []


Overfull \hbox (14.99998pt too wide) in paragraph at lines 173--173
[]\T1/cmr/m/n/10 Abs($\OML/cmm/m/it/10 d$\T1/cmr/m/n/10 )| $\OMS/cmsy/m/n/10 ^^
Q$| [] 
 []


Package Fancyhdr Warning: \headheight is too small (11.0pt): 
 Make it at least 12.0pt.
 We now make it that large for the rest of the document.
 This may cause the page layout to be inconsistent, however.

[14]
Overfull \hbox (0.81102pt too wide) in paragraph at lines 206--207
[] \T1/cmr/m/n/10 res $\OMS/cmsy/m/n/10  $ \T1/cmr/m/n/10 caminos[Significado(d
.computadoras, $\OML/cmm/m/it/10 ^^Y$\T1/cmr/m/n/10 3(paquete)).indice][Siguien
teSignificado(itCompu).indice]
 []


Package Fancyhdr Warning: \headheight is too small (11.0pt): 
 Make it at least 12.0pt.
 We now make it that large for the rest of the document.
 This may cause the page layout to be inconsistent, however.

[15]

Package Fancyhdr Warning: \headheight is too small (11.0pt): 
 Make it at least 12.0pt.
 We now make it that large for the rest of the document.
 This may cause the page layout to be inconsistent, however.

[16]

Package Fancyhdr Warning: \headheight is too small (11.0pt): 
 Make it at least 12.0pt.
 We now make it that large for the rest of the document.
 This may cause the page layout to be inconsistent, however.

[17]

Package Fancyhdr Warning: \headheight is too small (11.0pt): 
 Make it at least 12.0pt.
 We now make it that large for the rest of the document.
 This may cause the page layout to be inconsistent, however.

[18]

Package Fancyhdr Warning: \headheight is too small (11.0pt): 
 Make it at least 12.0pt.
 We now make it that large for the rest of the document.
 This may cause the page layout to be inconsistent, however.

[19])

Package hyperref Warning: Token not allowed in a PDF string (PDFDocEncoding):
(hyperref)                removing `math shift' on input line 224.


Package hyperref Warning: Token not allowed in a PDF string (PDFDocEncoding):
(hyperref)                removing `subscript' on input line 224.


Package hyperref Warning: Token not allowed in a PDF string (PDFDocEncoding):
(hyperref)                removing `math shift' on input line 224.


Package hyperref Warning: Token not allowed in a PDF string (PDFDocEncoding):
(hyperref)                removing `math shift' on input line 224.


Package hyperref Warning: Token not allowed in a PDF string (PDFDocEncoding):
(hyperref)                removing `\alpha' on input line 224.


Package hyperref Warning: Token not allowed in a PDF string (PDFDocEncoding):
(hyperref)                removing `math shift' on input line 224.

(./Heap.tex

Package Fancyhdr Warning: \headheight is too small (11.0pt): 
 Make it at least 12.0pt.
 We now make it that large for the rest of the document.
 This may cause the page layout to be inconsistent, however.

[20

]
Underfull \hbox (badness 10000) in paragraph at lines 69--69
[]\T1/cmr/bx/n/10 if \T1/cmr/m/n/10 vacía?($\OML/cmm/m/it/10 c$\T1/cmr/m/n/10 )
 $\OMS/cmsy/m/n/10 _[]$ $\OT1/cmr/m/n/10 ^^E[](\OML/cmm/m/it/10 proximo\OT1/cmr
/m/n/10 (\OML/cmm/m/it/10 c\OT1/cmr/m/n/10 )) \OML/cmm/m/it/10 < p$ \T1/cmr/bx/
n/10 then $\OML/cmm/m/it/10 c$ \T1/cmr/bx/n/10 else if
 []


Package Fancyhdr Warning: \headheight is too small (11.0pt): 
 Make it at least 12.0pt.
 We now make it that large for the rest of the document.
 This may cause the page layout to be inconsistent, however.

[21]
Overfull \hbox (14.99998pt too wide) in paragraph at lines 111--111
[]\T1/cmr/m/n/10 arbol(n)| $\OMS/cmsy/m/n/10 ^^Q$| [] 
 []


Overfull \hbox (14.99998pt too wide) in paragraph at lines 112--112
[]\T1/cmr/m/n/10 caminoHastaRaiz(n)| $\OMS/cmsy/m/n/10 ^^Q$| [] 
 []


Package Fancyhdr Warning: \headheight is too small (11.0pt): 
 Make it at least 12.0pt.
 We now make it that large for the rest of the document.
 This may cause the page layout to be inconsistent, however.

[22]

Package Fancyhdr Warning: \headheight is too small (11.0pt): 
 Make it at least 12.0pt.
 We now make it that large for the rest of the document.
 This may cause the page layout to be inconsistent, however.

[23]

Package Fancyhdr Warning: \headheight is too small (11.0pt): 
 Make it at least 12.0pt.
 We now make it that large for the rest of the document.
 This may cause the page layout to be inconsistent, however.

[24])

Package hyperref Warning: Token not allowed in a PDF string (PDFDocEncoding):
(hyperref)                removing `math shift' on input line 229.


Package hyperref Warning: Token not allowed in a PDF string (PDFDocEncoding):
(hyperref)                removing `subscript' on input line 229.


Package hyperref Warning: Token not allowed in a PDF string (PDFDocEncoding):
(hyperref)                removing `math shift' on input line 229.


Package hyperref Warning: Token not allowed in a PDF string (PDFDocEncoding):
(hyperref)                removing `math shift' on input line 229.


Package hyperref Warning: Token not allowed in a PDF string (PDFDocEncoding):
(hyperref)                removing `\alpha' on input line 229.


Package hyperref Warning: Token not allowed in a PDF string (PDFDocEncoding):
(hyperref)                removing `math shift' on input line 229.

(./Trie.tex)

Package Fancyhdr Warning: \headheight is too small (11.0pt): 
 Make it at least 12.0pt.
 We now make it that large for the rest of the document.
 This may cause the page layout to be inconsistent, however.

[25]

Package hyperref Warning: Token not allowed in a PDF string (PDFDocEncoding):
(hyperref)                removing `math shift' on input line 234.


Package hyperref Warning: Token not allowed in a PDF string (PDFDocEncoding):
(hyperref)                removing `subscript' on input line 234.


Package hyperref Warning: Token not allowed in a PDF string (PDFDocEncoding):
(hyperref)                removing `math shift' on input line 234.


Package hyperref Warning: Token not allowed in a PDF string (PDFDocEncoding):
(hyperref)                removing `math shift' on input line 234.


Package hyperref Warning: Token not allowed in a PDF string (PDFDocEncoding):
(hyperref)                removing `\kappa' on input line 234.


Package hyperref Warning: Token not allowed in a PDF string (PDFDocEncoding):
(hyperref)                removing `math shift' on input line 234.


Package hyperref Warning: Token not allowed in a PDF string (PDFDocEncoding):
(hyperref)                removing `math shift' on input line 234.


Package hyperref Warning: Token not allowed in a PDF string (PDFDocEncoding):
(hyperref)                removing `\sigma' on input line 234.


Package hyperref Warning: Token not allowed in a PDF string (PDFDocEncoding):
(hyperref)                removing `math shift' on input line 234.

(./AVL.tex
Overfull \hbox (14.99998pt too wide) in paragraph at lines 52--52
[]\T1/cmr/m/n/10 Rep($\OML/cmm/m/it/10 e$\T1/cmr/m/n/10 )| $\OMS/cmsy/m/n/10 ^^
Q$| [] 
 []


Overfull \hbox (14.99998pt too wide) in paragraph at lines 54--54
[]\T1/cmr/m/n/10 Abs($\OML/cmm/m/it/10 r$\T1/cmr/m/n/10 )| $\OMS/cmsy/m/n/10 ^^
Q$| [] 
 []


Package Fancyhdr Warning: \headheight is too small (11.0pt): 
 Make it at least 12.0pt.
 We now make it that large for the rest of the document.
 This may cause the page layout to be inconsistent, however.

[26]

Package Fancyhdr Warning: \headheight is too small (11.0pt): 
 Make it at least 12.0pt.
 We now make it that large for the rest of the document.
 This may cause the page layout to be inconsistent, however.

[27]

Package Fancyhdr Warning: \headheight is too small (11.0pt): 
 Make it at least 12.0pt.
 We now make it that large for the rest of the document.
 This may cause the page layout to be inconsistent, however.

[28]

Package Fancyhdr Warning: \headheight is too small (11.0pt): 
 Make it at least 12.0pt.
 We now make it that large for the rest of the document.
 This may cause the page layout to be inconsistent, however.

[29]) 
AED: lastpage setting LastPage
Package atveryend Info: Empty hook `BeforeClearDocument' on input line 237.
Package atveryend Info: Empty hook `AfterLastShipout' on input line 237.
(./informe.aux)
Package atveryend Info: Executing hook `AtVeryEndDocument' on input line 237.
Package atveryend Info: Executing hook `AtEndAfterFileList' on input line 237.
Package rerunfilecheck Info: File `informe.out' has not changed.
(rerunfilecheck)             Checksum: 4D3E125664749998926B8C36188E1E20;306.
Package atveryend Info: Empty hook `AtVeryVeryEnd' on input line 237.
 ) 
Here is how much of TeX's memory you used:
 8163 strings out of 494977
 116204 string characters out of 6180184
 238350 words of memory out of 5000000
 11138 multiletter control sequences out of 15000+600000
 22270 words of font info for 68 fonts, out of 8000000 for 9000
 36 hyphenation exceptions out of 8191
 34i,13n,43p,419b,393s stack positions out of 5000i,500n,10000p,200000b,80000s
 </home/leandro/.texmf-var/fonts/pk/ljfour/jknappen/ec/ecti1000.600pk> </home
/leandro/.texmf-var/fonts/pk/ljfour/jknappen/ec/ecbx1200.600pk> </home/leandro/
.texmf-var/fonts/pk/ljfour/jknappen/ec/eccc1000.600pk> </home/leandro/.texmf-va
r/fonts/pk/ljfour/jknappen/ec/ectt1000.600pk> </home/leandro/.texmf-var/fonts/p
k/ljfour/jknappen/ec/ecrm1000.600pk> </home/leandro/.texmf-var/fonts/pk/ljfour/
jknappen/ec/ecbx1000.600pk> </home/leandro/.texmf-var/fonts/pk/ljfour/jknappen/
ec/ecrm1440.600pk> </home/leandro/.texmf-var/fonts/pk/ljfour/jknappen/ec/ecbx14
40.600pk> </home/leandro/.texmf-var/fonts/pk/ljfour/jknappen/ec/ecrm1200.600pk>
 </home/leandro/.texmf-var/fonts/pk/ljfour/jknappen/ec/ecbx1728.600pk></usr/sha
re/texlive/texmf-dist/fonts/type1/public/amsfonts/cm/cmmi10.pfb></usr/share/tex
live/texmf-dist/fonts/type1/public/amsfonts/cm/cmmi12.pfb></usr/share/texlive/t
exmf-dist/fonts/type1/public/amsfonts/cm/cmmi7.pfb></usr/share/texlive/texmf-di
st/fonts/type1/public/amsfonts/cm/cmmi8.pfb></usr/share/texlive/texmf-dist/font
s/type1/public/amsfonts/cm/cmr10.pfb></usr/share/texlive/texmf-dist/fonts/type1
/public/amsfonts/cm/cmr5.pfb></usr/share/texlive/texmf-dist/fonts/type1/public/
amsfonts/cm/cmr7.pfb></usr/share/texlive/texmf-dist/fonts/type1/public/amsfonts
/cm/cmsy10.pfb></usr/share/texlive/texmf-dist/fonts/type1/public/amsfonts/cm/cm
sy7.pfb>
Output written on informe.pdf (29 pages, 266668 bytes).
PDF statistics:
 709 PDF objects out of 1000 (max. 8388607)
 268 compressed objects within 3 object streams
 70 named destinations out of 1000 (max. 500000)
 41 words of extra memory for PDF output out of 10000 (max. 10000000)

